This file contains any messages produced by compilers while
running configure, to aid debugging if configure makes a mistake.

It was created by moses-iplocation configure 0.0.2, which was
generated by GNU Autoconf 2.69.  Invocation command line was

  $ ./configure --enable-maintainer-mode --prefix=/usr

## --------- ##
## Platform. ##
## --------- ##

hostname = yetioffice
uname -m = x86_64
uname -r = 3.19.3-3-ARCH
uname -s = Linux
uname -v = #1 SMP PREEMPT Wed Apr 8 14:10:00 CEST 2015

/usr/bin/uname -p = unknown
/bin/uname -X     = unknown

/bin/arch              = unknown
/usr/bin/arch -k       = unknown
/usr/convex/getsysinfo = unknown
/usr/bin/hostinfo      = unknown
/bin/machine           = unknown
/usr/bin/oslevel       = unknown
/bin/universe          = unknown

PATH: /home/yetist/bin
PATH: /home/yetist/go/bin
PATH: /home/yetist/.nix-profile/bin
PATH: /home/yetist/.nix-profile/sbin
PATH: /usr/local/sbin
PATH: /usr/local/bin
PATH: /usr/bin
PATH: /usr/lib/jvm/default/bin
PATH: /usr/bin/site_perl
PATH: /usr/bin/vendor_perl
PATH: /usr/bin/core_perl


## ----------- ##
## Core tests. ##
## ----------- ##

configure:2104: checking for a BSD-compatible install
configure:2172: result: /usr/bin/install -c
configure:2183: checking whether build environment is sane
configure:2238: result: yes
configure:2276: WARNING: 'missing' script is too old or missing
configure:2389: checking for a thread-safe mkdir -p
configure:2428: result: /usr/bin/mkdir -p
configure:2435: checking for gawk
configure:2451: found /usr/bin/gawk
configure:2462: result: gawk
configure:2473: checking whether make sets $(MAKE)
configure:2495: result: yes
configure:2524: checking whether make supports nested variables
configure:2541: result: yes
configure:2630: checking whether UID '1000' is supported by ustar format
configure:2633: result: yes
configure:2640: checking whether GID '100' is supported by ustar format
configure:2643: result: yes
configure:2651: checking how to create a ustar tar archive
configure:2662: tar --version
tar (GNU tar) 1.28
Copyright (C) 2014 Free Software Foundation, Inc.
License GPLv3+: GNU GPL version 3 or later <http://gnu.org/licenses/gpl.html>.
This is free software: you are free to change and redistribute it.
There is NO WARRANTY, to the extent permitted by law.

Written by John Gilmore and Jay Fenlason.
configure:2665: $? = 0
configure:2705: tardir=conftest.dir && eval tar --format=ustar -chf - "$tardir" >conftest.tar
configure:2708: $? = 0
configure:2712: tar -xf - <conftest.tar
configure:2715: $? = 0
configure:2717: cat conftest.dir/file
GrepMe
configure:2720: $? = 0
configure:2733: result: gnutar
configure:2788: checking whether to enable maintainer-specific portions of Makefiles
configure:2797: result: yes
configure:2821: checking whether make supports nested variables
configure:2838: result: yes
configure:2899: checking for gcc
configure:2915: found /usr/bin/gcc
configure:2926: result: gcc
configure:3155: checking for C compiler version
configure:3164: gcc --version >&5
gcc (GCC) 4.9.2 20150304 (prerelease)
Copyright (C) 2014 Free Software Foundation, Inc.
This is free software; see the source for copying conditions.  There is NO
warranty; not even for MERCHANTABILITY or FITNESS FOR A PARTICULAR PURPOSE.

configure:3175: $? = 0
configure:3164: gcc -v >&5
Using built-in specs.
COLLECT_GCC=gcc
COLLECT_LTO_WRAPPER=/usr/lib/gcc/x86_64-unknown-linux-gnu/4.9.2/lto-wrapper
Target: x86_64-unknown-linux-gnu
Configured with: /build/gcc-multilib/src/gcc-4.9-20150304/configure --prefix=/usr --libdir=/usr/lib --libexecdir=/usr/lib --mandir=/usr/share/man --infodir=/usr/share/info --with-bugurl=https://bugs.archlinux.org/ --enable-languages=c,c++,ada,fortran,go,lto,objc,obj-c++ --enable-shared --enable-threads=posix --with-system-zlib --enable-__cxa_atexit --disable-libunwind-exceptions --enable-clocale=gnu --disable-libstdcxx-pch --disable-libssp --enable-gnu-unique-object --enable-linker-build-id --enable-cloog-backend=isl --enable-lto --enable-plugin --enable-install-libiberty --with-linker-hash-style=gnu --enable-multilib --disable-werror --enable-checking=release
Thread model: posix
gcc version 4.9.2 20150304 (prerelease) (GCC) 
configure:3175: $? = 0
configure:3164: gcc -V >&5
gcc: error: unrecognized command line option '-V'
gcc: fatal error: no input files
compilation terminated.
configure:3175: $? = 1
configure:3164: gcc -qversion >&5
gcc: error: unrecognized command line option '-qversion'
gcc: fatal error: no input files
compilation terminated.
configure:3175: $? = 1
configure:3195: checking whether the C compiler works
configure:3217: gcc    conftest.c  >&5
configure:3221: $? = 0
configure:3269: result: yes
configure:3272: checking for C compiler default output file name
configure:3274: result: a.out
configure:3280: checking for suffix of executables
configure:3287: gcc -o conftest    conftest.c  >&5
configure:3291: $? = 0
configure:3313: result: 
configure:3335: checking whether we are cross compiling
configure:3343: gcc -o conftest    conftest.c  >&5
configure:3347: $? = 0
configure:3354: ./conftest
configure:3358: $? = 0
configure:3373: result: no
configure:3378: checking for suffix of object files
configure:3400: gcc -c   conftest.c >&5
configure:3404: $? = 0
configure:3425: result: o
configure:3429: checking whether we are using the GNU C compiler
configure:3448: gcc -c   conftest.c >&5
configure:3448: $? = 0
configure:3457: result: yes
configure:3466: checking whether gcc accepts -g
configure:3486: gcc -c -g  conftest.c >&5
configure:3486: $? = 0
configure:3527: result: yes
configure:3544: checking for gcc option to accept ISO C89
configure:3607: gcc  -c -g -O2  conftest.c >&5
configure:3607: $? = 0
configure:3620: result: none needed
configure:3645: checking whether gcc understands -c and -o together
configure:3667: gcc -c conftest.c -o conftest2.o
configure:3670: $? = 0
configure:3667: gcc -c conftest.c -o conftest2.o
configure:3670: $? = 0
configure:3682: result: yes
configure:3710: checking for style of include used by make
configure:3738: result: GNU
configure:3764: checking dependency style of gcc
configure:3875: result: gcc3
configure:3899: checking how to run the C preprocessor
configure:3930: gcc -E  conftest.c
configure:3930: $? = 0
configure:3944: gcc -E  conftest.c
conftest.c:11:28: fatal error: ac_nonexistent.h: No such file or directory
 #include <ac_nonexistent.h>
                            ^
compilation terminated.
configure:3944: $? = 1
configure: failed program was:
| /* confdefs.h */
| #define PACKAGE_NAME "moses-iplocation"
| #define PACKAGE_TARNAME "moses-iplocation"
| #define PACKAGE_VERSION "0.0.2"
| #define PACKAGE_STRING "moses-iplocation 0.0.2"
| #define PACKAGE_BUGREPORT "http://bugs.isoft-linux.org"
| #define PACKAGE_URL ""
| #define PACKAGE "moses-iplocation"
| #define VERSION "0.0.2"
| /* end confdefs.h.  */
| #include <ac_nonexistent.h>
configure:3969: result: gcc -E
configure:3989: gcc -E  conftest.c
configure:3989: $? = 0
configure:4003: gcc -E  conftest.c
conftest.c:11:28: fatal error: ac_nonexistent.h: No such file or directory
 #include <ac_nonexistent.h>
                            ^
compilation terminated.
configure:4003: $? = 1
configure: failed program was:
| /* confdefs.h */
| #define PACKAGE_NAME "moses-iplocation"
| #define PACKAGE_TARNAME "moses-iplocation"
| #define PACKAGE_VERSION "0.0.2"
| #define PACKAGE_STRING "moses-iplocation 0.0.2"
| #define PACKAGE_BUGREPORT "http://bugs.isoft-linux.org"
| #define PACKAGE_URL ""
| #define PACKAGE "moses-iplocation"
| #define VERSION "0.0.2"
| /* end confdefs.h.  */
| #include <ac_nonexistent.h>
configure:4032: checking for grep that handles long lines and -e
configure:4090: result: /usr/bin/grep
configure:4095: checking for egrep
configure:4157: result: /usr/bin/grep -E
configure:4162: checking for ANSI C header files
configure:4182: gcc -c -g -O2  conftest.c >&5
configure:4182: $? = 0
configure:4255: gcc -o conftest -g -O2   conftest.c  >&5
configure:4255: $? = 0
configure:4255: ./conftest
configure:4255: $? = 0
configure:4266: result: yes
configure:4279: checking for sys/types.h
configure:4279: gcc -c -g -O2  conftest.c >&5
configure:4279: $? = 0
configure:4279: result: yes
configure:4279: checking for sys/stat.h
configure:4279: gcc -c -g -O2  conftest.c >&5
configure:4279: $? = 0
configure:4279: result: yes
configure:4279: checking for stdlib.h
configure:4279: gcc -c -g -O2  conftest.c >&5
configure:4279: $? = 0
configure:4279: result: yes
configure:4279: checking for string.h
configure:4279: gcc -c -g -O2  conftest.c >&5
configure:4279: $? = 0
configure:4279: result: yes
configure:4279: checking for memory.h
configure:4279: gcc -c -g -O2  conftest.c >&5
configure:4279: $? = 0
configure:4279: result: yes
configure:4279: checking for strings.h
configure:4279: gcc -c -g -O2  conftest.c >&5
configure:4279: $? = 0
configure:4279: result: yes
configure:4279: checking for inttypes.h
configure:4279: gcc -c -g -O2  conftest.c >&5
configure:4279: $? = 0
configure:4279: result: yes
configure:4279: checking for stdint.h
configure:4279: gcc -c -g -O2  conftest.c >&5
configure:4279: $? = 0
configure:4279: result: yes
configure:4279: checking for unistd.h
configure:4279: gcc -c -g -O2  conftest.c >&5
configure:4279: $? = 0
configure:4279: result: yes
configure:4294: checking for inttypes.h
configure:4294: result: yes
configure:4294: checking for string.h
configure:4294: result: yes
configure:4360: checking for pkg-config
configure:4378: found /usr/bin/pkg-config
configure:4390: result: /usr/bin/pkg-config
configure:4415: checking pkg-config is at least version 0.9.0
configure:4418: result: yes
configure:4428: checking for GIO
configure:4435: $PKG_CONFIG --exists --print-errors "gio-unix-2.0 >= $GIO_REQUIRED"
configure:4438: $? = 0
configure:4452: $PKG_CONFIG --exists --print-errors "gio-unix-2.0 >= $GIO_REQUIRED"
configure:4455: $? = 0
configure:4513: result: yes
configure:4640: checking that generated files are newer than configure
configure:4646: result: done
configure:4673: creating ./config.status

## ---------------------- ##
## Running config.status. ##
## ---------------------- ##

This file was extended by moses-iplocation config.status 0.0.2, which was
generated by GNU Autoconf 2.69.  Invocation command line was

  CONFIG_FILES    = 
  CONFIG_HEADERS  = 
  CONFIG_LINKS    = 
  CONFIG_COMMANDS = 
  $ ./config.status 

on yetioffice

config.status:871: creating Makefile
config.status:871: creating src/Makefile
config.status:871: creating data/Makefile
config.status:871: creating data/org.moses.AuthExec.conf
config.status:871: creating data/org.moses.AuthExec.policy
config.status:871: creating exec.d/Makefile
config.status:871: creating config.h
config.status:1052: config.h is unchanged
config.status:1100: executing depfiles commands

## ---------------- ##
## Cache variables. ##
## ---------------- ##

ac_cv_c_compiler_gnu=yes
ac_cv_env_CC_set=
ac_cv_env_CC_value=
ac_cv_env_CFLAGS_set=
ac_cv_env_CFLAGS_value=
ac_cv_env_CPPFLAGS_set=
ac_cv_env_CPPFLAGS_value=
ac_cv_env_CPP_set=
ac_cv_env_CPP_value=
ac_cv_env_GIO_CFLAGS_set=
ac_cv_env_GIO_CFLAGS_value=
ac_cv_env_GIO_LIBS_set=
ac_cv_env_GIO_LIBS_value=
ac_cv_env_LDFLAGS_set=
ac_cv_env_LDFLAGS_value=
ac_cv_env_LIBS_set=
ac_cv_env_LIBS_value=
ac_cv_env_PKG_CONFIG_LIBDIR_set=
ac_cv_env_PKG_CONFIG_LIBDIR_value=
ac_cv_env_PKG_CONFIG_PATH_set=
ac_cv_env_PKG_CONFIG_PATH_value=
ac_cv_env_PKG_CONFIG_set=
ac_cv_env_PKG_CONFIG_value=
ac_cv_env_build_alias_set=
ac_cv_env_build_alias_value=
ac_cv_env_host_alias_set=
ac_cv_env_host_alias_value=
ac_cv_env_target_alias_set=
ac_cv_env_target_alias_value=
ac_cv_header_inttypes_h=yes
ac_cv_header_memory_h=yes
ac_cv_header_stdc=yes
ac_cv_header_stdint_h=yes
ac_cv_header_stdlib_h=yes
ac_cv_header_string_h=yes
ac_cv_header_strings_h=yes
ac_cv_header_sys_stat_h=yes
ac_cv_header_sys_types_h=yes
ac_cv_header_unistd_h=yes
ac_cv_objext=o
ac_cv_path_EGREP='/usr/bin/grep -E'
ac_cv_path_GREP=/usr/bin/grep
ac_cv_path_ac_pt_PKG_CONFIG=/usr/bin/pkg-config
ac_cv_path_install='/usr/bin/install -c'
ac_cv_path_mkdir=/usr/bin/mkdir
ac_cv_prog_AWK=gawk
ac_cv_prog_CPP='gcc -E'
ac_cv_prog_ac_ct_CC=gcc
ac_cv_prog_cc_c89=
ac_cv_prog_cc_g=yes
ac_cv_prog_make_make_set=yes
am_cv_CC_dependencies_compiler_type=gcc3
am_cv_make_support_nested_variables=yes
am_cv_prog_cc_c_o=yes
am_cv_prog_tar_ustar=gnutar
pkg_cv_GIO_CFLAGS='-pthread -I/usr/include/gio-unix-2.0/ -I/usr/include/glib-2.0 -I/usr/lib/glib-2.0/include '
pkg_cv_GIO_LIBS='-lgio-2.0 -lgobject-2.0 -lglib-2.0 '

## ----------------- ##
## Output variables. ##
## ----------------- ##

ACLOCAL='aclocal-1.15'
AMDEPBACKSLASH='\'
AMDEP_FALSE='#'
AMDEP_TRUE=''
AMTAR='$${TAR-tar}'
AM_BACKSLASH='\'
AM_DEFAULT_V='$(AM_DEFAULT_VERBOSITY)'
AM_DEFAULT_VERBOSITY='0'
AM_V='$(V)'
AUTHEXEC_USER='root'
AUTOCONF='autoconf'
AUTOHEADER='autoheader'
AUTOMAKE='automake-1.15'
AWK='gawk'
CC='gcc'
CCDEPMODE='depmode=gcc3'
CFLAGS='-g -O2'
CPP='gcc -E'
CPPFLAGS=''
CYGPATH_W='echo'
DBUS_POLICY_DIR='/polkit-1/actions'
DBUS_SERVICES_DIR='/dbus-1/system-services'
DBUS_SYS_DIR='/dbus-1/system.d'
DEFS='-DHAVE_CONFIG_H'
DEPDIR='.deps'
ECHO_C=''
ECHO_N='-n'
ECHO_T=''
EGREP='/usr/bin/grep -E'
EXEEXT=''
GIO_CFLAGS='-pthread -I/usr/include/gio-unix-2.0/ -I/usr/include/glib-2.0 -I/usr/lib/glib-2.0/include '
GIO_LIBS='-lgio-2.0 -lgobject-2.0 -lglib-2.0 '
GREP='/usr/bin/grep'
INSTALL_DATA='${INSTALL} -m 644'
INSTALL_PROGRAM='${INSTALL}'
INSTALL_SCRIPT='${INSTALL}'
INSTALL_STRIP_PROGRAM='$(install_sh) -c -s'
LDFLAGS=''
LIBOBJS=''
LIBS=''
LTLIBOBJS=''
MAINT=''
MAINTAINER_MODE_FALSE='#'
MAINTAINER_MODE_TRUE=''
MAKEINFO='makeinfo'
MKDIR_P='/usr/bin/mkdir -p'
OBJEXT='o'
PACKAGE='moses-iplocation'
PACKAGE_BUGREPORT='http://bugs.isoft-linux.org'
PACKAGE_NAME='moses-iplocation'
PACKAGE_STRING='moses-iplocation 0.0.2'
PACKAGE_TARNAME='moses-iplocation'
PACKAGE_URL=''
PACKAGE_VERSION='0.0.2'
PATH_SEPARATOR=':'
PKG_CONFIG='/usr/bin/pkg-config'
PKG_CONFIG_LIBDIR=''
PKG_CONFIG_PATH=''
SET_MAKE=''
SHELL='/bin/sh'
STRIP=''
VERSION='0.0.2'
ac_ct_CC='gcc'
am__EXEEXT_FALSE=''
am__EXEEXT_TRUE='#'
am__fastdepCC_FALSE='#'
am__fastdepCC_TRUE=''
am__include='include'
am__isrc=''
am__leading_dot='.'
am__nodep='_no'
am__quote=''
am__tar='tar --format=ustar -chf - "$$tardir"'
am__untar='tar -xf -'
bindir='${exec_prefix}/bin'
build_alias=''
datadir='${datarootdir}'
datarootdir='${prefix}/share'
docdir='${datarootdir}/doc/${PACKAGE_TARNAME}'
dvidir='${docdir}'
exec_prefix='${prefix}'
host_alias=''
htmldir='${docdir}'
includedir='${prefix}/include'
infodir='${datarootdir}/info'
install_sh='${SHELL} /home/yetist/checkout/moses-desktop/moses-authexec/install-sh'
libdir='${exec_prefix}/lib'
libexecdir='${exec_prefix}/libexec'
localedir='${datarootdir}/locale'
localstatedir='${prefix}/var'
mandir='${datarootdir}/man'
mkdir_p='$(MKDIR_P)'
oldincludedir='/usr/include'
pdfdir='${docdir}'
prefix='/usr'
program_transform_name='s,x,x,'
psdir='${docdir}'
sbindir='${exec_prefix}/sbin'
sharedstatedir='${prefix}/com'
sysconfdir='${prefix}/etc'
target_alias=''

## ----------- ##
## confdefs.h. ##
## ----------- ##

/* confdefs.h */
#define PACKAGE_NAME "moses-iplocation"
#define PACKAGE_TARNAME "moses-iplocation"
#define PACKAGE_VERSION "0.0.2"
#define PACKAGE_STRING "moses-iplocation 0.0.2"
#define PACKAGE_BUGREPORT "http://bugs.isoft-linux.org"
#define PACKAGE_URL ""
#define PACKAGE "moses-iplocation"
#define VERSION "0.0.2"
#define STDC_HEADERS 1
#define HAVE_SYS_TYPES_H 1
#define HAVE_SYS_STAT_H 1
#define HAVE_STDLIB_H 1
#define HAVE_STRING_H 1
#define HAVE_MEMORY_H 1
#define HAVE_STRINGS_H 1
#define HAVE_INTTYPES_H 1
#define HAVE_STDINT_H 1
#define HAVE_UNISTD_H 1
#define HAVE_INTTYPES_H 1
#define HAVE_STRING_H 1

configure: exit 0

## ---------------------- ##
## Running config.status. ##
## ---------------------- ##

This file was extended by moses-iplocation config.status 0.0.2, which was
generated by GNU Autoconf 2.69.  Invocation command line was

  CONFIG_FILES    = 
  CONFIG_HEADERS  = 
  CONFIG_LINKS    = 
  CONFIG_COMMANDS = 
  $ ./config.status Makefile

on yetioffice

config.status:871: creating Makefile

## ---------------------- ##
## Running config.status. ##
## ---------------------- ##

This file was extended by moses-iplocation config.status 0.0.2, which was
generated by GNU Autoconf 2.69.  Invocation command line was

  CONFIG_FILES    = 
  CONFIG_HEADERS  = 
  CONFIG_LINKS    = 
  CONFIG_COMMANDS = 
  $ ./config.status exec.d/Makefile

on yetioffice

config.status:871: creating exec.d/Makefile
